[32m[0918 06:41:19 @logger.py:90][0m Argv: train.py
[32m[0918 06:41:19 @input_source.py:222][0m Setting up the queue 'QueueInput/input_queue' for CPU prefetching ...
[32m[0918 06:41:22 @model_utils.py:67][0m [36mList of Trainable Variables: 
[0mname                                shape          #elements
----------------------------------  -----------  -----------
encode/encode_l1/V_encode_l1        [10, 5, 32]         1600
encode/encode_l1/g_encode_l1        [32]                  32
encode/encode_l1/b_encode_l1        [32]                  32
encode/batch_normalization/gamma    [32]                  32
encode/batch_normalization/beta     [32]                  32
encode/encode_l2/V_encode_l2        [3, 32, 8]           768
encode/encode_l2/g_encode_l2        [8]                    8
encode/encode_l2/b_encode_l2        [8]                    8
encode/batch_normalization_1/gamma  [8]                    8
encode/batch_normalization_1/beta   [8]                    8
encode/rnn/lstm_cell/kernel         [136, 512]         69632
encode/rnn/lstm_cell/bias           [512]                512
encode/w_encode_fc1                 [7680, 8]          61440
encode/b_encode_fc1                 [8]                    8
predict/fully_connected/weights     [128, 2]             256
predict/fully_connected/biases      [2]                    2
decode/w_decode_fc1                 [4, 480]            1920
decode/b_decode_fc1                 [480]                480
decode/decode_l2/V_decode_l2        [3, 8, 32]           768
decode/decode_l2/g_decode_l2        [32]                  32
decode/decode_l2/b_decode_l2        [32]                  32
decode/batch_normalization/gamma    [32]                  32
decode/batch_normalization/beta     [32]                  32
decode/decode_l3/V_decode_l3        [10, 32, 5]         1600
decode/decode_l3/g_decode_l3        [5]                    5
decode/decode_l3/b_decode_l3        [5]                    5
decode/batch_normalization_1/gamma  [5]                    5
decode/batch_normalization_1/beta   [5]                    5[36m
Number of trainable variables: 28
Number of parameters (elements): 139294
Storage space needed for all trainable variables: 0.53MB[0m
[32m[0918 06:41:22 @base.py:209][0m Setup callbacks graph ...
[32m[0918 06:41:22 @summary.py:94][0m Summarizing collection 'summaries' of size 11.
[32m[0918 06:41:22 @inference_runner.py:149][0m [InferenceRunner] Building tower 'InferenceTower' on device /gpu:0 ...
[32m[0918 06:41:22 @collection.py:152][0m Size of these collections were changed in InferenceTower: (tf.GraphKeys.METRIC_VARIABLES: 2->4)
[32m[0918 06:41:22 @collection.py:165][0m These collections were modified but restored in InferenceTower: (tf.GraphKeys.SUMMARIES: 11->18)
[32m[0918 06:41:22 @summary.py:47][0m [MovingAverageSummary] 3 operations in collection 'MOVING_SUMMARY_OPS' will be run with session hooks.
[32m[0918 06:41:22 @summary.py:94][0m Summarizing collection 'summaries' of size 11.
[32m[0918 06:41:22 @base.py:230][0m Creating the session ...
[32m[0918 06:41:23 @base.py:236][0m Initializing the session ...
[32m[0918 06:41:23 @base.py:243][0m Graph Finalized.
[32m[0918 06:41:23 @concurrency.py:37][0m Starting EnqueueThread QueueInput/input_queue ...
[32m[0918 06:41:24 @inference_runner.py:96][0m [InferenceRunner] Will eval 2 iterations
[32m[0918 06:41:25 @base.py:275][0m Start Epoch 1 ...
[32m[0918 06:41:41 @base.py:285][0m Epoch 1 (global_step 5) finished, time:16.2 seconds.
[32m[0918 06:41:41 @saver.py:82][0m Model saved to train_log/train/model-5.
[32m[0918 06:41:42 @monitor.py:474][0m QueueInput/queue_size: 50
[32m[0918 06:41:42 @monitor.py:474][0m decode_1/check_recon_mu: -0.0051925
[32m[0918 06:41:42 @monitor.py:474][0m decode_1/check_recon_norm: 0.38284
[32m[0918 06:41:42 @monitor.py:474][0m decode_1/check_recon_std: 0.1649
[32m[0918 06:41:42 @monitor.py:474][0m decode_1/log_likelihood_reconstructed: nan
[32m[0918 06:41:42 @monitor.py:474][0m decode_1/log_mse: -0.9843
[32m[0918 06:41:42 @monitor.py:474][0m encode_2/auto-corr-loss: -0.42988
[32m[0918 06:41:42 @monitor.py:474][0m encode_2/check_z_norm: 1.9118
[32m[0918 06:41:42 @monitor.py:474][0m encode_2/latent_loss: 0.028203
[32m[0918 06:41:42 @monitor.py:474][0m predict_trend/accuracy_: 0.48527
[32m[0918 06:41:42 @monitor.py:474][0m total-loss: nan
[32m[0918 06:41:42 @monitor.py:474][0m val_precision: 0.49365
[32m[0918 06:41:42 @monitor.py:474][0m val_recall: 0.49365
[32m[0918 06:41:42 @monitor.py:474][0m validation_predict_trend/accuracy_: 0.50073
[32m[0918 06:41:42 @base.py:275][0m Start Epoch 2 ...
[32m[0918 06:41:51 @base.py:285][0m Epoch 2 (global_step 10) finished, time:9.45 seconds.
[32m[0918 06:41:51 @saver.py:82][0m Model saved to train_log/train/model-10.
[32m[0918 06:41:52 @monitor.py:474][0m QueueInput/queue_size: 50
[32m[0918 06:41:52 @monitor.py:474][0m decode_1/check_recon_mu: 0.020684
[32m[0918 06:41:52 @monitor.py:474][0m decode_1/check_recon_norm: 0.44853
[32m[0918 06:41:52 @monitor.py:474][0m decode_1/check_recon_std: 0.21776
[32m[0918 06:41:52 @monitor.py:474][0m decode_1/log_likelihood_reconstructed: nan
[32m[0918 06:41:52 @monitor.py:474][0m decode_1/log_mse: -0.91593
[32m[0918 06:41:52 @monitor.py:474][0m encode_2/auto-corr-loss: -0.74107
[32m[0918 06:41:52 @monitor.py:474][0m encode_2/check_z_norm: 7.846
[32m[0918 06:41:52 @monitor.py:474][0m encode_2/latent_loss: 0.028589
[32m[0918 06:41:52 @monitor.py:474][0m predict_trend/accuracy_: 0.49001
[32m[0918 06:41:52 @monitor.py:474][0m total-loss: nan
[32m[0918 06:41:52 @monitor.py:474][0m val_precision: 0.49365
[32m[0918 06:41:52 @monitor.py:474][0m val_recall: 0.49365
[32m[0918 06:41:52 @monitor.py:474][0m validation_predict_trend/accuracy_: 0.49601
[32m[0918 06:41:52 @base.py:275][0m Start Epoch 3 ...
[32m[0918 06:42:01 @base.py:285][0m Epoch 3 (global_step 15) finished, time:9.32 seconds.
[32m[0918 06:42:01 @saver.py:82][0m Model saved to train_log/train/model-15.
[32m[0918 06:42:02 @monitor.py:474][0m QueueInput/queue_size: 50
[32m[0918 06:42:02 @monitor.py:474][0m decode_1/check_recon_mu: 0.049539
[32m[0918 06:42:02 @monitor.py:474][0m decode_1/check_recon_norm: 0.51671
[32m[0918 06:42:02 @monitor.py:474][0m decode_1/check_recon_std: 0.28091
[32m[0918 06:42:02 @monitor.py:474][0m decode_1/log_likelihood_reconstructed: nan
[32m[0918 06:42:02 @monitor.py:474][0m decode_1/log_mse: -0.83511
[32m[0918 06:42:02 @monitor.py:474][0m encode_2/auto-corr-loss: -0.8478
[32m[0918 06:42:02 @monitor.py:474][0m encode_2/check_z_norm: 9.8074
[32m[0918 06:42:02 @monitor.py:474][0m encode_2/latent_loss: 0.024564
[32m[0918 06:42:02 @monitor.py:474][0m predict_trend/accuracy_: 0.49209
[32m[0918 06:42:02 @monitor.py:474][0m total-loss: nan
[32m[0918 06:42:02 @monitor.py:474][0m val_precision: 0.49365
[32m[0918 06:42:02 @monitor.py:474][0m val_recall: 0.49365
[32m[0918 06:42:02 @monitor.py:474][0m validation_predict_trend/accuracy_: 0.49507
[32m[0918 06:42:02 @base.py:275][0m Start Epoch 4 ...
[32m[0918 06:42:11 @base.py:285][0m Epoch 4 (global_step 20) finished, time:9.34 seconds.
[32m[0918 06:42:11 @saver.py:82][0m Model saved to train_log/train/model-20.
[32m[0918 06:42:12 @monitor.py:474][0m QueueInput/queue_size: 50
[32m[0918 06:42:12 @monitor.py:474][0m decode_1/check_recon_mu: 0.085203
[32m[0918 06:42:12 @monitor.py:474][0m decode_1/check_recon_norm: 0.59082
[32m[0918 06:42:12 @monitor.py:474][0m decode_1/check_recon_std: 0.35942
[32m[0918 06:42:12 @monitor.py:474][0m decode_1/log_likelihood_reconstructed: nan
[32m[0918 06:42:12 @monitor.py:474][0m decode_1/log_mse: -0.73708
[32m[0918 06:42:12 @monitor.py:474][0m encode_2/auto-corr-loss: -0.8998
[32m[0918 06:42:12 @monitor.py:474][0m encode_2/check_z_norm: 10.123
[32m[0918 06:42:12 @monitor.py:474][0m encode_2/latent_loss: 0.018526
[32m[0918 06:42:12 @monitor.py:474][0m predict_trend/accuracy_: 0.49354
[32m[0918 06:42:12 @monitor.py:474][0m total-loss: nan
[32m[0918 06:42:12 @monitor.py:474][0m val_precision: 0.49365
[32m[0918 06:42:12 @monitor.py:474][0m val_recall: 0.49365
[32m[0918 06:42:12 @monitor.py:474][0m validation_predict_trend/accuracy_: 0.49466
[32m[0918 06:42:12 @base.py:275][0m Start Epoch 5 ...
[32m[0918 06:42:21 @base.py:285][0m Epoch 5 (global_step 25) finished, time:9.58 seconds.
[32m[0918 06:42:21 @saver.py:82][0m Model saved to train_log/train/model-25.
[32m[0918 06:42:22 @monitor.py:474][0m QueueInput/queue_size: 50
[32m[0918 06:42:22 @monitor.py:474][0m decode_1/check_recon_mu: 0.13293
[32m[0918 06:42:22 @monitor.py:474][0m decode_1/check_recon_norm: 0.67502
[32m[0918 06:42:22 @monitor.py:474][0m decode_1/check_recon_std: 0.46101
[32m[0918 06:42:22 @monitor.py:474][0m decode_1/log_likelihood_reconstructed: nan
[32m[0918 06:42:22 @monitor.py:474][0m decode_1/log_mse: -0.61682
[32m[0918 06:42:22 @monitor.py:474][0m encode_2/auto-corr-loss: -0.92976
[32m[0918 06:42:22 @monitor.py:474][0m encode_2/check_z_norm: 10.463
[32m[0918 06:42:22 @monitor.py:474][0m encode_2/latent_loss: 0.014378
[32m[0918 06:42:22 @monitor.py:474][0m predict_trend/accuracy_: 0.49483
[32m[0918 06:42:22 @monitor.py:474][0m total-loss: nan
[32m[0918 06:42:22 @monitor.py:474][0m val_precision: 0.50635
[32m[0918 06:42:22 @monitor.py:474][0m val_recall: 0.50635
[32m[0918 06:42:22 @monitor.py:474][0m validation_predict_trend/accuracy_: 0.49484
[32m[0918 06:42:22 @base.py:275][0m Start Epoch 6 ...
[32m[0918 06:42:24 @base.py:293][0m Detected Ctrl-C and exiting main loop.
